0 info it worked if it ends with ok
1 verbose cli [ 'node', '/usr/local/bin/npm', 'install' ]
2 info using npm@1.4.28
3 info using node@v0.10.32
4 verbose readDependencies using package.json deps
5 verbose install where, deps [ '/Users/aiolos404/Desktop/inputApplication',
5 verbose install   [ 'express',
5 verbose install     'body-parser',
5 verbose install     'cookie-parser',
5 verbose install     'morgan',
5 verbose install     'serve-favicon',
5 verbose install     'debug',
5 verbose install     'ejs',
5 verbose install     'mongoose' ] ]
6 info preinstall inputApplication@0.0.0
7 verbose readDependencies using package.json deps
8 verbose already installed skipping express@~4.9.0 /Users/aiolos404/Desktop/inputApplication
9 verbose already installed skipping body-parser@~1.8.1 /Users/aiolos404/Desktop/inputApplication
10 verbose already installed skipping cookie-parser@~1.3.3 /Users/aiolos404/Desktop/inputApplication
11 verbose already installed skipping morgan@~1.3.0 /Users/aiolos404/Desktop/inputApplication
12 verbose already installed skipping serve-favicon@~2.1.3 /Users/aiolos404/Desktop/inputApplication
13 verbose already installed skipping debug@~2.0.0 /Users/aiolos404/Desktop/inputApplication
14 verbose already installed skipping ejs@~2.3.1 /Users/aiolos404/Desktop/inputApplication
15 verbose cache add [ 'mongoose@~', null ]
16 verbose cache add name=undefined spec="mongoose@~" args=["mongoose@~",null]
17 verbose parsed url { protocol: null,
17 verbose parsed url   slashes: null,
17 verbose parsed url   auth: null,
17 verbose parsed url   host: null,
17 verbose parsed url   port: null,
17 verbose parsed url   hostname: null,
17 verbose parsed url   hash: null,
17 verbose parsed url   search: null,
17 verbose parsed url   query: null,
17 verbose parsed url   pathname: 'mongoose@~',
17 verbose parsed url   path: 'mongoose@~',
17 verbose parsed url   href: 'mongoose@~' }
18 verbose cache add name="mongoose" spec="~" args=["mongoose","~"]
19 verbose parsed url { protocol: null,
19 verbose parsed url   slashes: null,
19 verbose parsed url   auth: null,
19 verbose parsed url   host: null,
19 verbose parsed url   port: null,
19 verbose parsed url   hostname: null,
19 verbose parsed url   hash: null,
19 verbose parsed url   search: null,
19 verbose parsed url   query: null,
19 verbose parsed url   pathname: '~',
19 verbose parsed url   path: '~',
19 verbose parsed url   href: '~' }
20 verbose addNamed [ 'mongoose', '~' ]
21 verbose addNamed [ null, null ]
22 silly lockFile f0b043b2-mongoose mongoose@~
23 verbose lock mongoose@~ /Users/aiolos404/.npm/f0b043b2-mongoose.lock
24 info addNameTag [ 'mongoose', '~' ]
25 verbose request where is /mongoose
26 verbose request registry https://registry.npmjs.org/
27 verbose request id 257f2261a318c5a8
28 verbose url raw /mongoose
29 verbose url resolving [ 'https://registry.npmjs.org/', './mongoose' ]
30 verbose url resolved https://registry.npmjs.org/mongoose
31 verbose request where is https://registry.npmjs.org/mongoose
32 info trying registry request attempt 1 at 15:39:17
33 verbose etag "7M3K9UU1HQ1W3Q27OZDHKDIVT"
34 http GET https://registry.npmjs.org/mongoose
35 http 200 https://registry.npmjs.org/mongoose
36 silly registry.get cb [ 200,
36 silly registry.get   { server: 'CouchDB/1.5.0 (Erlang OTP/R16B03)',
36 silly registry.get     etag: '"35ZVIPOTKNS2KDKT657G56H7X"',
36 silly registry.get     'content-type': 'application/json',
36 silly registry.get     'cache-control': 'max-age=60',
36 silly registry.get     'content-length': '318139',
36 silly registry.get     'accept-ranges': 'bytes',
36 silly registry.get     date: 'Tue, 26 May 2015 20:39:17 GMT',
36 silly registry.get     via: '1.1 varnish',
36 silly registry.get     age: '15',
36 silly registry.get     connection: 'keep-alive',
36 silly registry.get     'x-served-by': 'cache-dfw1828-DFW',
36 silly registry.get     'x-cache': 'HIT',
36 silly registry.get     'x-cache-hits': '1',
36 silly registry.get     'x-timer': 'S1432672757.604798,VS0,VE1',
36 silly registry.get     vary: 'Accept' } ]
37 silly lockFile f0b043b2-mongoose mongoose@~
38 silly lockFile f0b043b2-mongoose mongoose@~
39 error notarget No compatible version found: mongoose@'~'
39 error notarget Valid install targets:
39 error notarget ["0.0.1","0.0.2","0.0.3","0.0.4","0.0.5","1.0.0","1.0.1","1.0.2","0.0.6","1.0.3","1.0.4","1.0.5","1.0.6","1.0.7","1.0.8","1.0.10","1.0.11","1.0.12","1.0.13","1.0.14","1.0.15","1.0.16","1.1.0","1.1.1","1.1.2","1.1.3","1.1.4","1.1.5","1.1.6","1.1.7","1.1.8","1.1.9","1.1.10","1.1.11","1.1.12","1.1.13","1.1.14","1.1.15","1.1.16","1.1.17","1.1.18","1.1.19","1.1.20","1.1.21","1.1.22","1.1.23","1.1.24","1.1.25","1.2.0","1.3.0","1.3.1","1.3.2","1.3.3","1.3.4","1.3.5","1.3.6","1.3.7","1.4.0","1.5.0","1.6.0","1.7.2","1.7.3","1.7.4","1.8.0","1.8.1","1.8.2","1.8.3","1.8.4","2.0.0","2.0.1","2.0.2","2.0.3","2.0.4","2.1.0","2.1.1","2.1.2","2.1.3","2.1.4","2.2.0","2.2.1","2.2.2","2.2.3","2.2.4","2.3.0","2.3.1","2.3.2","2.3.3","2.3.4","2.3.5","2.3.6","2.3.7","2.3.8","2.3.9","2.3.10","2.3.11","2.3.12","2.3.13","2.4.0","2.4.1","2.4.2","2.4.3","2.4.4","2.4.5","2.4.6","2.4.7","2.4.8","2.4.9","2.4.10","2.5.0","2.5.1","2.5.2","2.5.3","2.5.4","2.5.5","2.5.6","2.5.7","2.5.8","2.5.9","2.5.10","2.5.11","2.5.12","2.5.13","2.5.14","2.6.0","2.6.1","2.6.2","2.6.3","2.6.4","2.6.5","2.6.6","2.6.7","2.6.8","2.7.0","2.7.1","2.7.2","2.7.4","2.7.3","3.0.0","3.0.1","3.0.2","2.8.0","3.0.3","3.1.0","2.8.1","3.1.1","2.8.2","2.8.3","2.9.0","3.2.0","2.9.1","3.2.1","2.9.2","3.2.2","3.3.0","3.3.1","2.9.3","3.4.0","2.9.4","2.9.5","3.5.0","3.5.1","3.5.2","3.5.3","2.9.6","2.9.7","3.5.4","3.5.5","2.9.8","2.9.9","3.5.6","3.5.7","3.5.8","2.9.10","3.5.9","3.6.2","3.5.10","3.6.3","3.5.11","3.6.4","3.6.5","3.6.6","3.6.7","3.5.12","3.6.8","3.6.9","3.6.10","3.5.13","3.5.14","3.6.11","3.6.12","3.6.13","3.6.14","3.6.15","3.5.15","3.7.0","3.6.16","3.5.16","3.6.17","3.7.2","3.0.0-alpha1","3.0.0-alpha2","3.0.0-rc0","3.6.0-rc0","3.6.0-rc1","3.6.18","3.7.3","3.6.19","3.6.20","3.7.4","3.8.0","3.8.1","3.8.2","3.8.3","3.8.4","3.8.5","3.8.6","3.8.7","3.8.8","3.8.9","3.8.10","3.8.11","3.9.0","3.8.12","3.8.13","3.8.14","3.8.15","3.9.1","3.8.16","3.9.2","3.8.17","3.9.3","3.8.18","3.9.4","3.8.19","3.9.5","3.8.20","3.9.6","3.8.21","3.9.7","3.8.22","4.0.0-rc0","4.0.0-rc1","3.8.23","4.0.0-rc2","3.8.24","4.0.0-rc3","3.8.25","4.0.0-rc4","4.0.0","4.0.1","3.8.26","3.8.27","4.0.2","3.8.28","4.0.3"]
39 error notarget
39 error notarget This is most likely not a problem with npm itself.
39 error notarget In most cases you or one of your dependencies are requesting
39 error notarget a package version that doesn't exist.
40 error System Darwin 14.4.0
41 error command "node" "/usr/local/bin/npm" "install"
42 error cwd /Users/aiolos404/Desktop/inputApplication
43 error node -v v0.10.32
44 error npm -v 1.4.28
45 error code ETARGET
46 verbose exit [ 1, true ]
